=======================================================================
ScrewFormats -of nexus example2.phy
Tue Mar 15 11:27:08 EDT 2011 gry-compute01.core.nhgri.nih.gov
========================================================================
=======================================================================
../main.py --alnformat nexus -t 2 --dtc --startingtree ./example2.tre --treeformat nexus example2.nex -m MTART LG RTREV MTMAM HIVB DAYHOFF DCMUT FLU CPREV BLOSUM62 PMB MTREV VT
Tue Mar 15 11:30:08 EDT 2011 gry-compute01.core.nhgri.nih.gov
========================================================================
       _     _        __  __        _     _         
  _ _ /_\   /_\ __ __|  \/  |___ __| |___| |___ _ _ 
 | '_/ _ \ / _ \\ \ /| |\/| / _ | _` / -_) / -_) '_|
 |_|/_/ \_|_/ \_|_\_\|_|  |_\___|__,_\___|_\___|_| v0.9

This is free software, so there is no guarantee that it works properly,
has any error checks, or does anything other than print the cool banner above.
Stolen from Alexandros Stamatakis (RAxML) and Federico Abascal, Rafael Zardoya,
and David Posada (ProtTest) by Bernie.

True
===============================================================================================================================
Analyzing models MTART, LG, RTREV, MTMAM, HIVB, DAYHOFF, DCMUT, FLU, CPREV, BLOSUM62, PMB, MTREV, VT
===============================================================================================================================
Number of parameters:
	Branches:	                                                       0033
	Gamma:                                                           1+0033= 34
	Gamma + Invariant Sites:                                       1+1+0033= 35
	Gamma + Empirical Base Frequencies:                           1+19+0033= 53
	Gamma + Invariant Sites+Empirical Base Frequencies:         1+1+19+0033= 54
===============================================================================================================================
Correction factors:
	length (alignment length):                                             0060
	shannon (summed shannon entropies):                              100.876104
	c3 (normalized_shannon / length * max_entropy):                  420.317100
===============================================================================================================================
MTART +G...            -lnL= 1715.058853
                           0.726878 secs

MTART +GI...           -lnL= 1715.040498
                           1.120052 secs

MTART +GF...           -lnL= 1567.893500
                           0.555752 secs

MTART +GIF...          -lnL= 1567.215440
                           0.682667 secs

LG +G...               -lnL= 1559.916319
                           0.544885 secs

LG +GI...              -lnL= 1559.907228
                           0.714561 secs

LG +GF...              -lnL= 1558.042992
                           0.451437 secs

LG +GIF...             -lnL= 1558.009585
                           0.574273 secs

RTREV +G...            -lnL= 1561.972634
                           0.423376 secs

RTREV +GI...           -lnL= 1561.972350
                           0.636179 secs

RTREV +GF...           -lnL= 1547.368889
                           0.487759 secs

RTREV +GIF...          -lnL= 1547.369023
                           0.555689 secs

MTMAM +G...            -lnL= 1729.612536
                           0.578990 secs

MTMAM +GI...           -lnL= 1729.563487
                           0.923600 secs

MTMAM +GF...           -lnL= 1595.820434
                           0.694147 secs

MTMAM +GIF...          -lnL= 1595.695035
                           0.748437 secs

HIVB +G...             -lnL= 1591.235297
                           0.534529 secs

HIVB +GI...            -lnL= 1590.382900
                           0.560918 secs

HIVB +GF...            -lnL= 1584.906745
                           0.573913 secs

HIVB +GIF...           -lnL= 1583.583213
                           0.680987 secs

DAYHOFF +G...          -lnL= 1594.682416
                           0.566835 secs

DAYHOFF +GI...         -lnL= 1594.147916
                           0.578381 secs

DAYHOFF +GF...         -lnL= 1563.986404
                           0.461530 secs

DAYHOFF +GIF...        -lnL= 1563.593094
                           0.583864 secs

DCMUT +G...            -lnL= 1595.229787
                           0.565372 secs

DCMUT +GI...           -lnL= 1594.697254
                           0.577919 secs

DCMUT +GF...           -lnL= 1564.040581
                           0.463672 secs

DCMUT +GIF...          -lnL= 1563.645068
                           0.573848 secs

FLU +G...              -lnL= 1593.894201
                           0.574086 secs

FLU +GI...             -lnL= 1593.891780
                           0.857530 secs

FLU +GF...             -lnL= 1587.347311
                           0.569581 secs

FLU +GIF...            -lnL= 1587.246885
                           0.609732 secs

CPREV +G...            -lnL= 1580.948119
                           0.438261 secs

CPREV +GI...           -lnL= 1580.800144
                           0.556409 secs

CPREV +GF...           -lnL= 1576.498516
                           0.541445 secs

CPREV +GIF...          -lnL= 1576.175114
                           0.655027 secs

BLOSUM62 +G...         -lnL= 1581.635907
                           0.433786 secs

BLOSUM62 +GI...        -lnL= 1581.636116
                           0.621666 secs

BLOSUM62 +GF...        -lnL= 1570.266108
                           0.426228 secs

BLOSUM62 +GIF...       -lnL= 1570.266445
                           0.620484 secs

PMB +G...              -lnL= 1579.598791
                           0.429590 secs

PMB +GI...             -lnL= 1579.594658
                           0.710133 secs

PMB +GF...             -lnL= 1569.597481
                           0.461110 secs

PMB +GIF...            -lnL= 1569.599055
                           0.853417 secs

MTREV +G...            -lnL= 1700.721349
                           0.460322 secs

MTREV +GI...           -lnL= 1700.350311
                           0.521467 secs

MTREV +GF...           -lnL= 1578.478698
                           0.503823 secs

MTREV +GIF...          -lnL= 1577.596447
                           0.543783 secs

VT +G...               -lnL= 1574.308853
                           0.453731 secs

VT +GI...              -lnL= 1574.298005
                           0.639367 secs

VT +GF...              -lnL= 1564.882872
                           0.438566 secs

VT +GIF...             -lnL= 1564.864035
                           0.639427 secs


Selected statistics for AIC-raw:
===============================================================================================================================
          	delta AIC-raw       	AIC-raw             	AIC-raw weight      	
===============================================================================================================================
LG +G     	0.000000            	3187.832638         	0.645830            	
LG +GI    	1.981818            	3189.814456         	0.239757            	
RTREV +G  	4.112630            	3191.945268         	0.082617            	
RTREV +GI 	6.112062            	3193.944700         	0.030402            	
RTREV +GF 	12.905140           	3200.737778         	0.001018            	
RTREV +GIF	14.905408           	3202.738046         	0.000374            	
VT +G     	28.785068           	3216.617706         	0.000000            	
VT +GI    	30.763372           	3218.596010         	0.000000            	
LG +GF    	34.253346           	3222.085984         	0.000000            	
LG +GIF   	36.186532           	3224.019170         	0.000000            	
PMB +G    	39.364944           	3227.197582         	0.000000            	
PMB +GI   	41.356678           	3229.189316         	0.000000            	
CPREV +G  	42.063600           	3229.896238         	0.000000            	
BLOSUM62 +G	43.439176           	3231.271814         	0.000000            	
CPREV +GI 	43.767650           	3231.600288         	0.000000            	
BLOSUM62 +GI	45.439594           	3233.272232         	0.000000            	
DAYHOFF +GF	46.140170           	3233.972808         	0.000000            	
DCMUT +GF 	46.248524           	3234.081162         	0.000000            	
DAYHOFF +GIF	47.353550           	3235.186188         	0.000000            	
DCMUT +GIF	47.457498           	3235.290136         	0.000000            	
VT +GF    	47.933106           	3235.765744         	0.000000            	
VT +GIF   	49.895432           	3237.728070         	0.000000            	
MTART +GF 	53.954362           	3241.787000         	0.000000            	
MTART +GIF	54.598242           	3242.430880         	0.000000            	
PMB +GF   	57.362324           	3245.194962         	0.000000            	
BLOSUM62 +GF	58.699578           	3246.532216         	0.000000            	
PMB +GIF  	59.365472           	3247.198110         	0.000000            	
BLOSUM62 +GIF	60.700252           	3248.532890         	0.000000            	
HIVB +G   	62.637956           	3250.470594         	0.000000            	
HIVB +GI  	62.933162           	3250.765800         	0.000000            	
FLU +G    	67.955764           	3255.788402         	0.000000            	
DAYHOFF +G	69.532194           	3257.364832         	0.000000            	
FLU +GI   	69.950922           	3257.783560         	0.000000            	
DAYHOFF +GI	70.463194           	3258.295832         	0.000000            	
DCMUT +G  	70.626936           	3258.459574         	0.000000            	
CPREV +GF 	71.164394           	3258.997032         	0.000000            	
DCMUT +GI 	71.561870           	3259.394508         	0.000000            	
CPREV +GIF	72.517590           	3260.350228         	0.000000            	
MTREV +GF 	75.124758           	3262.957396         	0.000000            	
MTREV +GIF	75.360256           	3263.192894         	0.000000            	
HIVB +GIF 	87.333788           	3275.166426         	0.000000            	
HIVB +GF  	87.980852           	3275.813490         	0.000000            	
FLU +GF   	92.861984           	3280.694622         	0.000000            	
FLU +GIF  	94.661132           	3282.493770         	0.000000            	
MTMAM +GF 	109.808230          	3297.640868         	0.000000            	
MTMAM +GIF	111.557432          	3299.390070         	0.000000            	
MTREV +G  	281.610060          	3469.442698         	0.000000            	
MTREV +GI 	282.867984          	3470.700622         	0.000000            	
MTART +G  	310.285068          	3498.117706         	0.000000            	
MTART +GI 	312.248358          	3500.080996         	0.000000            	
MTMAM +G  	339.392434          	3527.225072         	0.000000            	
MTMAM +GI 	341.294336          	3529.126974         	0.000000            	

Weight table sorted by AIC-raw:
===============================================================================================================================
          	AIC-raw        	AIC-length     	AIC-shannon    	AIC-c3         	BIC-length     	BIC-shannon    	BIC-c3         	
===============================================================================================================================
LG +G   	0.645830 (01)	0.884142 (01)	0.809345 (01)	0.678514 (01)	0.784484 (01)	0.805711 (01)	0.845031 (01)	
LG +GI  	0.239757 (02)	0.002444 (03)	0.077316 (03)	0.208266 (02)	0.102201 (02)	0.080953 (03)	0.041594 (03)	
RTREV +G	0.082617 (03)	0.113103 (02)	0.103535 (02)	0.086799 (03)	0.100355 (03)	0.103070 (02)	0.108100 (02)	
RTREV +GI	0.030402 (04)	0.000310 (04)	0.009804 (04)	0.026409 (04)	0.012959 (04)	0.010265 (04)	0.005274 (04)	
RTREV +GF	0.001018 (05)	0.000000 (27)	0.000000 (21)	0.000009 (05)	0.000000 (13)	0.000000 (13)	0.000000 (21)	
RTREV +GIF	0.000374 (06)	0.000000 (40)	0.000000 (22)	0.000003 (06)	0.000000 (14)	0.000000 (16)	0.000000 (22)	
VT +G   	0.000000 (07)	0.000000 (05)	0.000000 (05)	0.000000 (07)	0.000000 (05)	0.000000 (05)	0.000000 (05)	
VT +GI  	0.000000 (08)	0.000000 (07)	0.000000 (06)	0.000000 (08)	0.000000 (06)	0.000000 (06)	0.000000 (06)	
LG +GF  	0.000000 (09)	0.000000 (28)	0.000000 (23)	0.000000 (13)	0.000000 (23)	0.000000 (23)	0.000000 (23)	
LG +GIF 	0.000000 (10)	0.000000 (41)	0.000000 (24)	0.000000 (16)	0.000000 (24)	0.000000 (24)	0.000000 (24)	
PMB +G  	0.000000 (11)	0.000000 (06)	0.000000 (07)	0.000000 (09)	0.000000 (07)	0.000000 (07)	0.000000 (07)	
PMB +GI 	0.000000 (12)	0.000000 (10)	0.000000 (10)	0.000000 (10)	0.000000 (10)	0.000000 (10)	0.000000 (10)	
CPREV +G	0.000000 (13)	0.000000 (08)	0.000000 (08)	0.000000 (11)	0.000000 (08)	0.000000 (08)	0.000000 (08)	
BLOSUM62 +G	0.000000 (14)	0.000000 (09)	0.000000 (09)	0.000000 (12)	0.000000 (09)	0.000000 (09)	0.000000 (09)	
CPREV +GI	0.000000 (15)	0.000000 (11)	0.000000 (11)	0.000000 (14)	0.000000 (11)	0.000000 (11)	0.000000 (11)	
BLOSUM62 +GI	0.000000 (16)	0.000000 (12)	0.000000 (12)	0.000000 (15)	0.000000 (12)	0.000000 (12)	0.000000 (12)	
DAYHOFF +GF	0.000000 (17)	0.000000 (29)	0.000000 (25)	0.000000 (17)	0.000000 (25)	0.000000 (25)	0.000000 (25)	
DCMUT +GF	0.000000 (18)	0.000000 (30)	0.000000 (26)	0.000000 (18)	0.000000 (26)	0.000000 (26)	0.000000 (26)	
DAYHOFF +GIF	0.000000 (19)	0.000000 (42)	0.000000 (29)	0.000000 (20)	0.000000 (28)	0.000000 (28)	0.000000 (28)	
DCMUT +GIF	0.000000 (20)	0.000000 (43)	0.000000 (30)	0.000000 (21)	0.000000 (29)	0.000000 (29)	0.000000 (29)	
VT +GF  	0.000000 (21)	0.000000 (31)	0.000000 (27)	0.000000 (19)	0.000000 (27)	0.000000 (27)	0.000000 (27)	
VT +GIF 	0.000000 (22)	0.000000 (44)	0.000000 (31)	0.000000 (22)	0.000000 (30)	0.000000 (30)	0.000000 (30)	
MTART +GF	0.000000 (23)	0.000000 (32)	0.000000 (28)	0.000000 (25)	0.000000 (31)	0.000000 (31)	0.000000 (31)	
MTART +GIF	0.000000 (24)	0.000000 (45)	0.000000 (34)	0.000000 (26)	0.000000 (32)	0.000000 (32)	0.000000 (33)	
PMB +GF 	0.000000 (25)	0.000000 (33)	0.000000 (32)	0.000000 (27)	0.000000 (33)	0.000000 (33)	0.000000 (32)	
BLOSUM62 +GF	0.000000 (26)	0.000000 (34)	0.000000 (33)	0.000000 (29)	0.000000 (34)	0.000000 (34)	0.000000 (34)	
PMB +GIF	0.000000 (27)	0.000000 (46)	0.000000 (35)	0.000000 (30)	0.000000 (35)	0.000000 (35)	0.000000 (35)	
BLOSUM62 +GIF	0.000000 (28)	0.000000 (47)	0.000000 (36)	0.000000 (34)	0.000000 (36)	0.000000 (36)	0.000000 (36)	
HIVB +G 	0.000000 (29)	0.000000 (13)	0.000000 (13)	0.000000 (23)	0.000000 (15)	0.000000 (14)	0.000000 (13)	
HIVB +GI	0.000000 (30)	0.000000 (17)	0.000000 (14)	0.000000 (24)	0.000000 (16)	0.000000 (15)	0.000000 (14)	
FLU +G  	0.000000 (31)	0.000000 (14)	0.000000 (15)	0.000000 (28)	0.000000 (17)	0.000000 (17)	0.000000 (15)	
DAYHOFF +G	0.000000 (32)	0.000000 (15)	0.000000 (16)	0.000000 (31)	0.000000 (18)	0.000000 (18)	0.000000 (16)	
FLU +GI 	0.000000 (33)	0.000000 (18)	0.000000 (18)	0.000000 (32)	0.000000 (20)	0.000000 (20)	0.000000 (18)	
DAYHOFF +GI	0.000000 (34)	0.000000 (19)	0.000000 (19)	0.000000 (35)	0.000000 (21)	0.000000 (21)	0.000000 (19)	
DCMUT +G	0.000000 (35)	0.000000 (16)	0.000000 (17)	0.000000 (33)	0.000000 (19)	0.000000 (19)	0.000000 (17)	
CPREV +GF	0.000000 (36)	0.000000 (35)	0.000000 (37)	0.000000 (37)	0.000000 (37)	0.000000 (37)	0.000000 (37)	
DCMUT +GI	0.000000 (37)	0.000000 (20)	0.000000 (20)	0.000000 (36)	0.000000 (22)	0.000000 (22)	0.000000 (20)	
CPREV +GIF	0.000000 (38)	0.000000 (48)	0.000000 (39)	0.000000 (38)	0.000000 (38)	0.000000 (39)	0.000000 (39)	
MTREV +GF	0.000000 (39)	0.000000 (36)	0.000000 (38)	0.000000 (39)	0.000000 (39)	0.000000 (38)	0.000000 (38)	
MTREV +GIF	0.000000 (40)	0.000000 (49)	0.000000 (40)	0.000000 (40)	0.000000 (40)	0.000000 (40)	0.000000 (40)	
HIVB +GIF	0.000000 (41)	0.000000 (50)	0.000000 (43)	0.000000 (41)	0.000000 (42)	0.000000 (42)	0.000000 (42)	
HIVB +GF	0.000000 (42)	0.000000 (37)	0.000000 (41)	0.000000 (42)	0.000000 (41)	0.000000 (41)	0.000000 (41)	
FLU +GF 	0.000000 (43)	0.000000 (38)	0.000000 (42)	0.000000 (43)	0.000000 (43)	0.000000 (43)	0.000000 (43)	
FLU +GIF	0.000000 (44)	0.000000 (51)	0.000000 (44)	0.000000 (44)	0.000000 (44)	0.000000 (44)	0.000000 (44)	
MTMAM +GF	0.000000 (45)	0.000000 (39)	0.000000 (45)	0.000000 (45)	0.000000 (45)	0.000000 (45)	0.000000 (45)	
MTMAM +GIF	0.000000 (46)	0.000000 (52)	0.000000 (46)	0.000000 (46)	0.000000 (46)	0.000000 (46)	0.000000 (46)	
MTREV +G	0.000000 (47)	0.000000 (21)	0.000000 (47)	0.000000 (47)	0.000000 (47)	0.000000 (47)	0.000000 (47)	
MTREV +GI	0.000000 (48)	0.000000 (22)	0.000000 (48)	0.000000 (48)	0.000000 (48)	0.000000 (48)	0.000000 (48)	
MTART +G	0.000000 (49)	0.000000 (23)	0.000000 (49)	0.000000 (49)	0.000000 (49)	0.000000 (49)	0.000000 (49)	
MTART +GI	0.000000 (50)	0.000000 (24)	0.000000 (50)	0.000000 (50)	0.000000 (50)	0.000000 (50)	0.000000 (50)	
MTMAM +G	0.000000 (51)	0.000000 (25)	0.000000 (51)	0.000000 (51)	0.000000 (51)	0.000000 (51)	0.000000 (51)	
MTMAM +GI	0.000000 (52)	0.000000 (26)	0.000000 (52)	0.000000 (52)	0.000000 (52)	0.000000 (52)	0.000000 (52)	
===============================================================================================================================
          	DTC-length     	DTC-shannon    	DTC-c3         	
===============================================================================================================================
LG +G     	0.048697 (01)	0.048516 (01)	0.048314 (01)	
LG +GI    	0.046894 (02)	0.046708 (02)	0.046500 (02)	
RTREV +G  	0.038009 (05)	0.037930 (05)	0.037842 (05)	
RTREV +GI 	0.038244 (04)	0.038163 (04)	0.038073 (04)	
RTREV +GF 	0.028937 (15)	0.028919 (15)	0.028898 (15)	
RTREV +GIF	0.028722 (16)	0.028705 (16)	0.028686 (16)	
VT +G     	0.026004 (20)	0.026018 (20)	0.026032 (20)	
VT +GI    	0.026732 (19)	0.026740 (19)	0.026749 (19)	
LG +GF    	0.022876 (23)	0.022898 (23)	0.022921 (23)	
LG +GIF   	0.019793 (28)	0.019830 (28)	0.019872 (28)	
PMB +G    	0.020286 (27)	0.020330 (27)	0.020379 (27)	
PMB +GI   	0.020812 (25)	0.020853 (25)	0.020900 (25)	
CPREV +G  	0.043406 (03)	0.043262 (03)	0.043101 (03)	
BLOSUM62 +G	0.020811 (26)	0.020853 (26)	0.020899 (26)	
CPREV +GI 	0.037493 (06)	0.037402 (06)	0.037299 (06)	
BLOSUM62 +GI	0.020825 (24)	0.020867 (24)	0.020914 (24)	
DAYHOFF +GF	0.024832 (22)	0.024842 (22)	0.024852 (22)	
DCMUT +GF 	0.025155 (21)	0.025162 (21)	0.025169 (21)	
DAYHOFF +GIF	0.018772 (30)	0.018814 (30)	0.018861 (30)	
DCMUT +GIF	0.019017 (29)	0.019058 (29)	0.019103 (29)	
VT +GF    	0.034756 (08)	0.034702 (08)	0.034642 (08)	
VT +GIF   	0.035557 (07)	0.035495 (07)	0.035425 (07)	
MTART +GF 	0.001537 (43)	0.001566 (43)	0.001600 (43)	
MTART +GIF	0.000979 (45)	0.001001 (45)	0.001026 (45)	
PMB +GF   	0.030522 (14)	0.030503 (14)	0.030481 (14)	
BLOSUM62 +GF	0.031078 (12)	0.031053 (12)	0.031025 (12)	
PMB +GIF  	0.030766 (13)	0.030745 (13)	0.030721 (13)	
BLOSUM62 +GIF	0.031102 (11)	0.031078 (11)	0.031049 (11)	
HIVB +G   	0.008191 (36)	0.008256 (36)	0.008328 (36)	
HIVB +GI  	0.003975 (39)	0.004026 (39)	0.004083 (39)	
FLU +G    	0.017942 (31)	0.017987 (31)	0.018038 (31)	
DAYHOFF +G	0.031471 (09)	0.031433 (09)	0.031390 (09)	
FLU +GI   	0.017388 (32)	0.017435 (32)	0.017488 (32)	
DAYHOFF +GI	0.028259 (17)	0.028245 (17)	0.028228 (17)	
DCMUT +G  	0.031459 (10)	0.031421 (10)	0.031378 (10)	
CPREV +GF 	0.004464 (38)	0.004517 (38)	0.004578 (38)	
DCMUT +GI 	0.028230 (18)	0.028216 (18)	0.028199 (18)	
CPREV +GIF	0.003197 (40)	0.003243 (40)	0.003295 (40)	
MTREV +GF 	0.011581 (34)	0.011645 (34)	0.011716 (34)	
MTREV +GIF	0.006536 (37)	0.006597 (37)	0.006666 (37)	
HIVB +GIF 	0.000197 (49)	0.000204 (49)	0.000211 (49)	
HIVB +GF  	0.001146 (44)	0.001171 (44)	0.001199 (44)	
FLU +GF   	0.002620 (41)	0.002661 (41)	0.002708 (41)	
FLU +GIF  	0.002106 (42)	0.002142 (42)	0.002183 (42)	
MTMAM +GF 	0.000403 (46)	0.000415 (46)	0.000428 (46)	
MTMAM +GIF	0.000305 (47)	0.000314 (47)	0.000325 (47)	
MTREV +G  	0.015644 (33)	0.015698 (33)	0.015759 (33)	
MTREV +GI 	0.011481 (35)	0.011545 (35)	0.011616 (35)	
MTART +G  	0.000193 (50)	0.000199 (50)	0.000207 (50)	
MTART +GI 	0.000153 (52)	0.000158 (52)	0.000164 (52)	
MTMAM +G  	0.000287 (48)	0.000295 (48)	0.000306 (48)	
MTMAM +GI 	0.000159 (51)	0.000165 (51)	0.000171 (51)	

===============================================================================================================================
Suggested RAxML command:
raxmlHPC-PTHREADS -t 2 -f d -N 100 -s /home/kochbj/scripts/01-Utilities/RAXModelerwithDecision/example2/ALN_CONVERTED.phy -w /home/kochbj/scripts/01-Utilities/RAXModelerwithDecision/example2 -m PROTGAMMALG -n [OUT NAME]
===============================================================================================================================
