===============================================================================================================================
Analyzing models MTART, LG, RTREV, MTMAM, HIVB, DAYHOFF, DCMUT, FLU, CPREV, BLOSUM62, PMB, MTREV, VT
===============================================================================================================================
Number of parameters:
        Branches:                                                              0007
        Gamma:                                                           1+0007= 8
        Gamma + Invariant Sites:                                       1+1+0007= 9
        Gamma + Empirical Base Frequencies:                           1+19+0007= 27
        Gamma + Invariant Sites+Empirical Base Frequencies:         1+1+19+0007= 28
===============================================================================================================================
Correction factors:
        length (alignment length):                                             0176
        shannon (summed shannon entropies):                              112.014606
        c3 (normalized_shannon / length * max_entropy):                  129.646534
===============================================================================================================================
MTART +G...            -lnL= 1237.344733
                           0.117441 secs

MTART +GI...           -lnL= 1237.343788
                           0.250524 secs

MTART +GF...           -lnL= 1198.139718
                           0.137572 secs

MTART +GIF...          -lnL= 1198.137368
                           0.259467 secs

LG +G...               -lnL= 1271.288641
                           0.153397 secs

LG +GI...              -lnL= 1271.300720
                           0.176034 secs

LG +GF...              -lnL= 1202.324844
                           0.125176 secs

LG +GIF...             -lnL= 1202.323976
                           0.299456 secs

RTREV +G...            -lnL= 1285.986637
                           0.155814 secs

RTREV +GI...           -lnL= 1285.708450
                           0.538628 secs

RTREV +GF...           -lnL= 1201.962824
                           0.157122 secs

RTREV +GIF...          -lnL= 1201.971018
                           0.496026 secs

MTMAM +G...            -lnL= 1291.536171
                           0.142118 secs

MTMAM +GI...           -lnL= 1291.536755
                           0.234211 secs

MTMAM +GF...           -lnL= 1225.271331
                           0.142485 secs

MTMAM +GIF...          -lnL= 1225.267372
                           0.227822 secs

HIVB +G...             -lnL= 1310.200337
                           0.132053 secs

HIVB +GI...            -lnL= 1310.200560
                           0.263053 secs

HIVB +GF...            -lnL= 1241.691613
                           0.149683 secs

HIVB +GIF...           -lnL= 1241.691022
                           0.279500 secs

DAYHOFF +G...          -lnL= 1310.998180
                           0.128290 secs

DAYHOFF +GI...         -lnL= 1310.998252
                           0.439960 secs

DAYHOFF +GF...         -lnL= 1213.020211
                           0.129305 secs

DAYHOFF +GIF...        -lnL= 1213.019166
                           0.247215 secs

DCMUT +G...            -lnL= 1312.063982
                           0.144935 secs

DCMUT +GI...           -lnL= 1312.064061
                           0.428665 secs

DCMUT +GF...           -lnL= 1213.128677
                           0.117238 secs

DCMUT +GIF...          -lnL= 1213.127717
                           0.249715 secs

FLU +G...              -lnL= 1315.944180
                           0.129762 secs

FLU +GI...             -lnL= 1315.943055
                           0.299852 secs

FLU +GF...             -lnL= 1243.898696
                           0.191920 secs

FLU +GIF...            -lnL= 1243.898265
                           0.203500 secs

CPREV +G...            -lnL= 1270.582236
                           0.137017 secs

CPREV +GI...           -lnL= 1270.188790
                           0.514667 secs

CPREV +GF...           -lnL= 1206.821939
                           0.144401 secs

CPREV +GIF...          -lnL= 1206.821416
                           0.520705 secs

BLOSUM62 +G...         -lnL= 1271.334403
                           0.164740 secs

BLOSUM62 +GI...        -lnL= 1270.950284
                           0.627570 secs

BLOSUM62 +GF...        -lnL= 1212.524086
                           0.146914 secs

BLOSUM62 +GIF...       -lnL= 1212.535018
                           0.473009 secs

PMB +G...              -lnL= 1272.986618
                           0.159110 secs

PMB +GI...             -lnL= 1272.564338
                           0.649951 secs

PMB +GF...             -lnL= 1214.469344
                           0.147631 secs

PMB +GIF...            -lnL= 1214.479081
                           0.489103 secs

MTREV +G...            -lnL= 1279.714747
                           0.135422 secs

MTREV +GI...           -lnL= 1279.714909
                           0.232098 secs

MTREV +GF...           -lnL= 1208.589947
                           0.132724 secs

MTREV +GIF...          -lnL= 1208.589587
                           0.253789 secs

VT +G...               -lnL= 1282.238940
                           0.156779 secs

VT +GI...              -lnL= 1281.805833
                           0.595517 secs

VT +GF...              -lnL= 1207.798390
                           0.128294 secs

VT +GIF...             -lnL= 1207.809243
                           0.189618 secs


Selected statistics for AIC-raw:
===============================================================================================================================
                delta AIC-raw           AIC-raw                 AIC-raw weight      
===============================================================================================================================
MTART +GF       0.000000                2450.279436             0.704342            
MTART +GIF      1.995300                2452.274736             0.259722            
RTREV +GF       7.646212                2457.925648             0.015397            
LG +GF          8.370252                2458.649688             0.010720            
RTREV +GIF      9.662600                2459.942036             0.005618            
LG +GIF         10.368516               2460.647952             0.003947            
CPREV +GF       17.364442               2467.643878             0.000119            
VT +GF          19.317344               2469.596780             0.000045            
CPREV +GIF      19.363396               2469.642832             0.000044            
MTREV +GF       20.900458               2471.179894             0.000020            
VT +GIF         21.339050               2471.618486             0.000016            
MTREV +GIF      22.899738               2473.179174             0.000008            
BLOSUM62 +GF    28.768736               2479.048172             0.000000            
DAYHOFF +GF     29.760986               2480.040422             0.000000            
DCMUT +GF       29.977918               2480.257354             0.000000            
BLOSUM62 +GIF   30.790600               2481.070036             0.000000            
DAYHOFF +GIF    31.758896               2482.038332             0.000000            
DCMUT +GIF      31.975998               2482.255434             0.000000            
PMB +GF         32.659252               2482.938688             0.000000            
PMB +GIF        34.678726               2484.958162             0.000000            
MTART +G        40.410030               2490.689466             0.000000            
MTART +GI       42.408140               2492.687576             0.000000            
MTMAM +GF       54.263226               2504.542662             0.000000            
MTMAM +GIF      56.255308               2506.534744             0.000000            
HIVB +GF        87.103790               2537.383226             0.000000            
HIVB +GIF       89.102608               2539.382044             0.000000            
FLU +GF         91.517956               2541.797392             0.000000            
FLU +GIF        93.517094               2543.796530             0.000000            
CPREV +G        106.885036              2557.164472             0.000000            
CPREV +GI       108.098144              2558.377580             0.000000            
LG +G           108.297846              2558.577282             0.000000            
BLOSUM62 +G     108.389370              2558.668806             0.000000            
BLOSUM62 +GI    109.621132              2559.900568             0.000000            
LG +GI          110.322004              2560.601440             0.000000            
PMB +G          111.693800              2561.973236             0.000000            
PMB +GI         112.849240              2563.128676             0.000000            
MTREV +G        125.150058              2575.429494             0.000000            
MTREV +GI       127.150382              2577.429818             0.000000            
VT +G           130.198444              2580.477880             0.000000            
VT +GI          131.332230              2581.611666             0.000000            
RTREV +G        137.693838              2587.973274             0.000000            
RTREV +GI       139.137464              2589.416900             0.000000            
MTMAM +G        148.792906              2599.072342             0.000000            
MTMAM +GI       150.794074              2601.073510             0.000000            
HIVB +G         186.121238              2636.400674             0.000000            
DAYHOFF +G      187.716924              2637.996360             0.000000            
HIVB +GI        188.121684              2638.401120             0.000000            
DAYHOFF +GI     189.717068              2639.996504             0.000000            
DCMUT +G        189.848528              2640.127964             0.000000            
DCMUT +GI       191.848686              2642.128122             0.000000            
FLU +G          197.608924              2647.888360             0.000000            
FLU +GI         199.606674              2649.886110             0.000000            

Weight table sorted by AIC-raw:
===============================================================================================================================
                AIC-raw         AIC-length      AIC-shannon     AIC-c3          BIC-length      BIC-shannon     BIC-c3         
===============================================================================================================================
MTART +GF       0.704342 (01)   0.775377 (01)   0.824990 (01)   0.805828 (01)   0.000046 (03)   0.003293 (03)   0.000829 (03)
MTART +GIF      0.259722 (02)   0.188670 (02)   0.139038 (02)   0.158210 (02)   0.000003 (04)   0.000312 (04)   0.000073 (04)
RTREV +GF       0.015397 (03)   0.016950 (03)   0.018034 (03)   0.017615 (03)   0.000001 (05)   0.000072 (05)   0.000018 (05)
LG +GF          0.010720 (04)   0.011801 (04)   0.012557 (04)   0.012265 (04)   0.000001 (06)   0.000050 (06)   0.000013 (06)
RTREV +GIF      0.005618 (05)   0.004081 (05)   0.003007 (05)   0.003422 (05)   0.000000 (07)   0.000007 (07)   0.000002 (07)
LG +GIF         0.003947 (06)   0.002867 (06)   0.002113 (06)   0.002404 (06)   0.000000 (08)   0.000005 (08)   0.000001 (08)
CPREV +GF       0.000119 (07)   0.000131 (07)   0.000140 (07)   0.000137 (07)   0.000000 (09)   0.000001 (09)   0.000000 (09)
VT +GF          0.000045 (08)   0.000050 (08)   0.000053 (08)   0.000051 (08)   0.000000 (10)   0.000000 (10)   0.000000 (10)
CPREV +GIF      0.000044 (09)   0.000032 (09)   0.000024 (10)   0.000027 (09)   0.000000 (12)   0.000000 (12)   0.000000 (12)
MTREV +GF       0.000020 (10)   0.000022 (10)   0.000024 (09)   0.000023 (10)   0.000000 (11)   0.000000 (11)   0.000000 (11)
VT +GIF         0.000016 (11)   0.000012 (11)   0.000009 (11)   0.000010 (11)   0.000000 (13)   0.000000 (13)   0.000000 (13)
MTREV +GIF      0.000008 (12)   0.000005 (12)   0.000004 (13)   0.000005 (12)   0.000000 (14)   0.000000 (14)   0.000000 (14)
BLOSUM62 +GF    0.000000 (13)   0.000000 (13)   0.000000 (15)   0.000000 (14)   0.000000 (15)   0.000000 (15)   0.000000 (15)
DAYHOFF +GF     0.000000 (14)   0.000000 (14)   0.000000 (16)   0.000000 (16)   0.000000 (16)   0.000000 (16)   0.000000 (16)
DCMUT +GF       0.000000 (15)   0.000000 (15)   0.000000 (17)   0.000000 (17)   0.000000 (17)   0.000000 (17)   0.000000 (17)
BLOSUM62 +GIF   0.000000 (16)   0.000000 (17)   0.000000 (18)   0.000000 (18)   0.000000 (19)   0.000000 (19)   0.000000 (19)
DAYHOFF +GIF    0.000000 (17)   0.000000 (18)   0.000000 (20)   0.000000 (20)   0.000000 (20)   0.000000 (20)   0.000000 (20)
DCMUT +GIF      0.000000 (18)   0.000000 (20)   0.000000 (21)   0.000000 (21)   0.000000 (21)   0.000000 (21)   0.000000 (21)
PMB +GF         0.000000 (19)   0.000000 (19)   0.000000 (19)   0.000000 (19)   0.000000 (18)   0.000000 (18)   0.000000 (18)
PMB +GIF        0.000000 (20)   0.000000 (22)   0.000000 (22)   0.000000 (22)   0.000000 (22)   0.000000 (22)   0.000000 (22)
MTART +G        0.000000 (21)   0.000000 (16)   0.000006 (12)   0.000001 (13)   0.929796 (01)   0.910181 (01)   0.918336 (01)
MTART +GI       0.000000 (22)   0.000000 (21)   0.000002 (14)   0.000000 (15)   0.070152 (02)   0.086080 (02)   0.080729 (02)
MTMAM +GF       0.000000 (23)   0.000000 (23)   0.000000 (23)   0.000000 (23)   0.000000 (30)   0.000000 (23)   0.000000 (26)
MTMAM +GIF      0.000000 (24)   0.000000 (24)   0.000000 (24)   0.000000 (24)   0.000000 (32)   0.000000 (27)   0.000000 (31)
HIVB +GF        0.000000 (25)   0.000000 (25)   0.000000 (25)   0.000000 (25)   0.000000 (39)   0.000000 (38)   0.000000 (38)
HIVB +GIF       0.000000 (26)   0.000000 (26)   0.000000 (27)   0.000000 (26)   0.000000 (42)   0.000000 (41)   0.000000 (41)
FLU +GF         0.000000 (27)   0.000000 (27)   0.000000 (28)   0.000000 (27)   0.000000 (41)   0.000000 (40)   0.000000 (40)
FLU +GIF        0.000000 (28)   0.000000 (28)   0.000000 (34)   0.000000 (32)   0.000000 (44)   0.000000 (42)   0.000000 (43)
CPREV +G        0.000000 (29)   0.000000 (29)   0.000000 (26)   0.000000 (28)   0.000000 (23)   0.000000 (24)   0.000000 (23)
CPREV +GI       0.000000 (30)   0.000000 (31)   0.000000 (31)   0.000000 (31)   0.000000 (26)   0.000000 (28)   0.000000 (27)
LG +G           0.000000 (31)   0.000000 (30)   0.000000 (29)   0.000000 (29)   0.000000 (24)   0.000000 (25)   0.000000 (24)
BLOSUM62 +G     0.000000 (32)   0.000000 (32)   0.000000 (30)   0.000000 (30)   0.000000 (25)   0.000000 (26)   0.000000 (25)
BLOSUM62 +GI    0.000000 (33)   0.000000 (33)   0.000000 (32)   0.000000 (33)   0.000000 (28)   0.000000 (30)   0.000000 (29)
LG +GI          0.000000 (34)   0.000000 (34)   0.000000 (33)   0.000000 (34)   0.000000 (29)   0.000000 (31)   0.000000 (30)
PMB +G          0.000000 (35)   0.000000 (35)   0.000000 (35)   0.000000 (35)   0.000000 (27)   0.000000 (29)   0.000000 (28)
PMB +GI         0.000000 (36)   0.000000 (36)   0.000000 (36)   0.000000 (36)   0.000000 (31)   0.000000 (32)   0.000000 (32)
MTREV +G        0.000000 (37)   0.000000 (37)   0.000000 (37)   0.000000 (37)   0.000000 (33)   0.000000 (33)   0.000000 (33)
MTREV +GI       0.000000 (38)   0.000000 (38)   0.000000 (38)   0.000000 (38)   0.000000 (35)   0.000000 (34)   0.000000 (34)
VT +G           0.000000 (39)   0.000000 (39)   0.000000 (39)   0.000000 (39)   0.000000 (34)   0.000000 (35)   0.000000 (35)
VT +GI          0.000000 (40)   0.000000 (40)   0.000000 (40)   0.000000 (40)   0.000000 (36)   0.000000 (36)   0.000000 (36)
RTREV +G        0.000000 (41)   0.000000 (41)   0.000000 (41)   0.000000 (41)   0.000000 (37)   0.000000 (37)   0.000000 (37)
RTREV +GI       0.000000 (42)   0.000000 (42)   0.000000 (42)   0.000000 (42)   0.000000 (38)   0.000000 (39)   0.000000 (39)
MTMAM +G        0.000000 (43)   0.000000 (43)   0.000000 (43)   0.000000 (43)   0.000000 (40)   0.000000 (43)   0.000000 (42)
MTMAM +GI       0.000000 (44)   0.000000 (44)   0.000000 (44)   0.000000 (44)   0.000000 (43)   0.000000 (44)   0.000000 (44)
HIVB +G         0.000000 (45)   0.000000 (45)   0.000000 (45)   0.000000 (45)   0.000000 (45)   0.000000 (45)   0.000000 (45)
DAYHOFF +G      0.000000 (46)   0.000000 (46)   0.000000 (46)   0.000000 (46)   0.000000 (46)   0.000000 (46)   0.000000 (46)
HIVB +GI        0.000000 (47)   0.000000 (47)   0.000000 (47)   0.000000 (47)   0.000000 (48)   0.000000 (48)   0.000000 (48)
DAYHOFF +GI     0.000000 (48)   0.000000 (49)   0.000000 (49)   0.000000 (49)   0.000000 (49)   0.000000 (49)   0.000000 (49)
DCMUT +G        0.000000 (49)   0.000000 (48)   0.000000 (48)   0.000000 (48)   0.000000 (47)   0.000000 (47)   0.000000 (47)
DCMUT +GI       0.000000 (50)   0.000000 (50)   0.000000 (50)   0.000000 (50)   0.000000 (50)   0.000000 (50)   0.000000 (50)
FLU +G          0.000000 (51)   0.000000 (51)   0.000000 (51)   0.000000 (51)   0.000000 (51)   0.000000 (51)   0.000000 (51)
FLU +GI         0.000000 (52)   0.000000 (52)   0.000000 (52)   0.000000 (52)   0.000000 (52)   0.000000 (52)   0.000000 (52)
===============================================================================================================================
                DTC-length      DTC-shannon     DTC-c3         
===============================================================================================================================
MTART +GF       0.018875 (38)   0.018873 (38)   0.018874 (38)
MTART +GIF      0.018783 (39)   0.018781 (39)   0.018782 (39)
RTREV +GF       0.020403 (16)   0.020407 (16)   0.020406 (16)
LG +GF          0.021184 (05)   0.021190 (05)   0.021188 (05)
RTREV +GIF      0.020546 (13)   0.020550 (13)   0.020548 (13)
LG +GIF         0.021168 (07)   0.021174 (07)   0.021172 (07)
CPREV +GF       0.019658 (22)   0.019659 (22)   0.019658 (22)
VT +GF          0.019069 (34)   0.019068 (34)   0.019068 (34)
CPREV +GIF      0.019635 (23)   0.019636 (23)   0.019635 (23)

























MTREV +GF       0.020841 (10)   0.020846 (10)   0.020844 (10)
VT +GIF         0.019363 (29)   0.019363 (29)   0.019363 (29)
MTREV +GIF      0.020884 (09)   0.020889 (09)   0.020888 (09)
BLOSUM62 +GF    0.019338 (30)   0.019338 (30)   0.019338 (30)
DAYHOFF +GF     0.021191 (04)   0.021197 (04)   0.021195 (04)
DCMUT +GF       0.021201 (03)   0.021207 (03)   0.021204 (03)
BLOSUM62 +GIF   0.019554 (25)   0.019555 (25)   0.019555 (25)
DAYHOFF +GIF    0.021162 (08)   0.021168 (08)   0.021166 (08)
DCMUT +GIF      0.021175 (06)   0.021181 (06)   0.021179 (06)
PMB +GF         0.019325 (31)   0.019325 (31)   0.019325 (31)
PMB +GIF        0.019479 (26)   0.019480 (26)   0.019480 (26)
MTART +G        0.021526 (01)   0.021533 (01)   0.021531 (01)
MTART +GI       0.021473 (02)   0.021480 (02)   0.021478 (02)
MTMAM +GF       0.013251 (49)   0.013235 (49)   0.013241 (49)
MTMAM +GIF      0.013124 (50)   0.013108 (50)   0.013114 (50)
HIVB +GF        0.019039 (35)   0.019038 (35)   0.019038 (35)
HIVB +GIF       0.018998 (37)   0.018996 (37)   0.018997 (37)
FLU +GF         0.012925 (51)   0.012908 (51)   0.012914 (51)
FLU +GIF        0.012878 (52)   0.012861 (52)   0.012867 (52)
CPREV +G        0.018724 (40)   0.018722 (40)   0.018723 (40)
CPREV +GI       0.019914 (21)   0.019916 (21)   0.019916 (21)
LG +G           0.019141 (33)   0.019141 (33)   0.019141 (33)
BLOSUM62 +G     0.018217 (45)   0.018213 (45)   0.018215 (45)
BLOSUM62 +GI    0.019394 (28)   0.019395 (28)   0.019395 (28)
LG +GI          0.019433 (27)   0.019433 (27)   0.019433 (27)
PMB +G          0.017855 (48)   0.017851 (48)   0.017852 (48)
PMB +GI         0.019003 (36)   0.019002 (36)   0.019002 (36)
MTREV +G        0.020516 (14)   0.020520 (14)   0.020518 (14)
MTREV +GI       0.020497 (15)   0.020501 (15)   0.020499 (15)
VT +G           0.018342 (44)   0.018339 (44)   0.018340 (44)
VT +GI          0.019558 (24)   0.019559 (24)   0.019559 (24)
RTREV +G        0.018365 (43)   0.018362 (43)   0.018363 (43)
RTREV +GI       0.019320 (32)   0.019320 (32)   0.019320 (32)
MTMAM +G        0.018135 (46)   0.018131 (46)   0.018132 (46)
MTMAM +GI       0.018116 (47)   0.018112 (47)   0.018114 (47)
HIVB +G         0.020755 (12)   0.020759 (12)   0.020757 (12)
DAYHOFF +G      0.020215 (17)   0.020218 (17)   0.020217 (17)
HIVB +GI        0.020756 (11)   0.020760 (11)   0.020759 (11)
DAYHOFF +GI     0.020212 (18)   0.020215 (18)   0.020214 (18)
DCMUT +G        0.020184 (19)   0.020186 (19)   0.020185 (19)
DCMUT +GI       0.020181 (20)   0.020184 (20)   0.020183 (20)
FLU +G          0.018585 (41)   0.018582 (41)   0.018583 (41)
FLU +GI         0.018533 (42)   0.018531 (42)   0.018532 (42)

===============================================================================================================================
Suggested RAxML command:
raxmlHPC-PTHREADS -t 2 -f d -N 100 -s /home/kochbj/scripts/01-Utilities/RAXModelerwithDecision/ALN_CONVERTED.phy -w /home/kochbj/scripts/01-Utilities/RAXModelerwithDecision -m PROTGAMMAMTARTF -n [OUT NAME]
===============================================================================================================================
