RAxML output files with the run ID <GI> already exist 
in directory /home/kochbj/scripts/01-Utilities/RAXModelerwithDecision/example4/RAxML_files/LG/ ...... exiting
RAxML output files with the run ID <GI> already exist 
in directory /home/kochbj/scripts/01-Utilities/RAXModelerwithDecision/example4/RAxML_files/LG/ ...... exiting

You are using a proportion of Invariable sites estimate, although I don't
like it. The likelihood epsilon "-f e" will be automatically lowered to 0.001
to avoid unfavorable effects caused by simultaneous optimization of alpha and P-Invar


IMPORTANT WARNING: Sequences Aq1 and Aq36 are exactly identical


IMPORTANT WARNING: Sequences Aq33 and Aq34 are exactly identical


IMPORTANT WARNING: Sequences Aq33 and Aq35 are exactly identical


IMPORTANT WARNING: Sequences Dm25 and Dm80 are exactly identical


IMPORTANT WARNING: Sequences Dm36 and Dm72 are exactly identical


IMPORTANT WARNING: Sequences Dm37 and Dm73 are exactly identical


IMPORTANT WARNING: Sequences Dm38 and Dm74 are exactly identical


IMPORTANT WARNING: Sequences Dm39 and Dm75 are exactly identical


IMPORTANT WARNING: Sequences Hs1 and Hs114 are exactly identical


IMPORTANT WARNING: Sequences Hs102 and Hs103 are exactly identical


IMPORTANT WARNING: Sequences Hs102 and Hs64 are exactly identical


IMPORTANT WARNING: Sequences Hs104 and Hs187 are exactly identical


IMPORTANT WARNING: Sequences Hs105 and Hs184 are exactly identical


IMPORTANT WARNING: Sequences Hs106 and Hs185 are exactly identical


IMPORTANT WARNING: Sequences Hs108 and Hs183 are exactly identical


IMPORTANT WARNING: Sequences Hs115 and Hs2 are exactly identical


IMPORTANT WARNING: Sequences Hs116 and Hs3 are exactly identical


IMPORTANT WARNING: Sequences Hs117 and Hs4 are exactly identical


IMPORTANT WARNING: Sequences Hs118 and Hs205 are exactly identical


IMPORTANT WARNING: Sequences Hs118 and Hs223 are exactly identical


IMPORTANT WARNING: Sequences Hs119 and Hs224 are exactly identical


IMPORTANT WARNING: Sequences Hs121 and Hs124 are exactly identical


IMPORTANT WARNING: Sequences Hs121 and Hs126 are exactly identical


IMPORTANT WARNING: Sequences Hs122 and Hs123 are exactly identical


IMPORTANT WARNING: Sequences Hs122 and Hs125 are exactly identical


IMPORTANT WARNING: Sequences Hs132 and Hs217 are exactly identical


IMPORTANT WARNING: Sequences Hs133 and Hs219 are exactly identical


IMPORTANT WARNING: Sequences Hs134 and Hs220 are exactly identical


IMPORTANT WARNING: Sequences Hs135 and Hs221 are exactly identical


IMPORTANT WARNING: Sequences Hs136 and Hs222 are exactly identical


IMPORTANT WARNING: Sequences Hs137 and Hs140 are exactly identical


IMPORTANT WARNING: Sequences Hs137 and Hs143 are exactly identical


IMPORTANT WARNING: Sequences Hs137 and Hs146 are exactly identical


IMPORTANT WARNING: Sequences Hs138 and Hs141 are exactly identical


IMPORTANT WARNING: Sequences Hs138 and Hs144 are exactly identical


IMPORTANT WARNING: Sequences Hs138 and Hs147 are exactly identical


IMPORTANT WARNING: Sequences Hs139 and Hs142 are exactly identical


IMPORTANT WARNING: Sequences Hs139 and Hs145 are exactly identical


IMPORTANT WARNING: Sequences Hs139 and Hs148 are exactly identical


IMPORTANT WARNING: Sequences Hs149 and Hs274 are exactly identical


IMPORTANT WARNING: Sequences Hs150 and Hs275 are exactly identical


IMPORTANT WARNING: Sequences Hs151 and Hs276 are exactly identical


IMPORTANT WARNING: Sequences Hs152 and Hs32 are exactly identical


IMPORTANT WARNING: Sequences Hs160 and Hs267 are exactly identical


IMPORTANT WARNING: Sequences Hs161 and Hs268 are exactly identical


IMPORTANT WARNING: Sequences Hs17 and Hs212 are exactly identical


IMPORTANT WARNING: Sequences Hs172 and Hs255 are exactly identical


IMPORTANT WARNING: Sequences Hs173 and Hs256 are exactly identical


IMPORTANT WARNING: Sequences Hs177 and Hs36 are exactly identical


IMPORTANT WARNING: Sequences Hs18 and Hs213 are exactly identical


IMPORTANT WARNING: Sequences Hs188 and Hs286 are exactly identical


IMPORTANT WARNING: Sequences Hs189 and Hs287 are exactly identical


IMPORTANT WARNING: Sequences Hs19 and Hs214 are exactly identical


IMPORTANT WARNING: Sequences Hs190 and Hs288 are exactly identical


IMPORTANT WARNING: Sequences Hs191 and Hs289 are exactly identical


IMPORTANT WARNING: Sequences Hs192 and Hs290 are exactly identical


IMPORTANT WARNING: Sequences Hs193 and Hs5 are exactly identical


IMPORTANT WARNING: Sequences Hs194 and Hs6 are exactly identical


IMPORTANT WARNING: Sequences Hs195 and Hs7 are exactly identical


IMPORTANT WARNING: Sequences Hs196 and Hs72 are exactly identical


IMPORTANT WARNING: Sequences Hs197 and Hs73 are exactly identical


IMPORTANT WARNING: Sequences Hs209 and Hs252 are exactly identical


IMPORTANT WARNING: Sequences Hs210 and Hs253 are exactly identical


IMPORTANT WARNING: Sequences Hs211 and Hs254 are exactly identical


IMPORTANT WARNING: Sequences Hs215 and Hs216 are exactly identical


IMPORTANT WARNING: Sequences Hs228 and Hs266 are exactly identical


IMPORTANT WARNING: Sequences Hs232 and Hs239 are exactly identical


IMPORTANT WARNING: Sequences Hs232 and Hs243 are exactly identical


IMPORTANT WARNING: Sequences Hs233 and Hs236 are exactly identical


IMPORTANT WARNING: Sequences Hs233 and Hs240 are exactly identical


IMPORTANT WARNING: Sequences Hs234 and Hs237 are exactly identical


IMPORTANT WARNING: Sequences Hs234 and Hs241 are exactly identical


IMPORTANT WARNING: Sequences Hs235 and Hs238 are exactly identical


IMPORTANT WARNING: Sequences Hs235 and Hs242 are exactly identical


IMPORTANT WARNING: Sequences Hs24 and Hs26 are exactly identical


IMPORTANT WARNING: Sequences Hs25 and Hs27 are exactly identical


IMPORTANT WARNING: Sequences Hs257 and Hs260 are exactly identical


IMPORTANT WARNING: Sequences Hs257 and Hs264 are exactly identical


IMPORTANT WARNING: Sequences Hs258 and Hs261 are exactly identical


IMPORTANT WARNING: Sequences Hs258 and Hs262 are exactly identical


IMPORTANT WARNING: Sequences Hs259 and Hs263 are exactly identical


IMPORTANT WARNING: Sequences Hs282 and Hs60 are exactly identical


IMPORTANT WARNING: Sequences Hs282 and Hs61 are exactly identical


IMPORTANT WARNING: Sequences Hs38 and Hs40 are exactly identical


IMPORTANT WARNING: Sequences Hs38 and Hs42 are exactly identical


IMPORTANT WARNING: Sequences Hs39 and Hs41 are exactly identical


IMPORTANT WARNING: Sequences Hs45 and Hs47 are exactly identical


IMPORTANT WARNING: Sequences Hs45 and Hs49 are exactly identical


IMPORTANT WARNING: Sequences Hs46 and Hs48 are exactly identical


IMPORTANT WARNING: Sequences Hs46 and Hs50 are exactly identical


IMPORTANT WARNING: Sequences Hs51 and Hs74 are exactly identical


IMPORTANT WARNING: Sequences Hs51 and Hs78 are exactly identical


IMPORTANT WARNING: Sequences Hs51 and Hs82 are exactly identical


IMPORTANT WARNING: Sequences Hs51 and Hs86 are exactly identical


IMPORTANT WARNING: Sequences Hs51 and Hs90 are exactly identical


IMPORTANT WARNING: Sequences Hs52 and Hs75 are exactly identical


IMPORTANT WARNING: Sequences Hs52 and Hs79 are exactly identical


IMPORTANT WARNING: Sequences Hs52 and Hs83 are exactly identical


IMPORTANT WARNING: Sequences Hs52 and Hs87 are exactly identical


IMPORTANT WARNING: Sequences Hs52 and Hs91 are exactly identical


IMPORTANT WARNING: Sequences Hs53 and Hs76 are exactly identical


IMPORTANT WARNING: Sequences Hs53 and Hs80 are exactly identical


IMPORTANT WARNING: Sequences Hs53 and Hs84 are exactly identical


IMPORTANT WARNING: Sequences Hs53 and Hs88 are exactly identical


IMPORTANT WARNING: Sequences Hs53 and Hs92 are exactly identical


IMPORTANT WARNING: Sequences Hs54 and Hs77 are exactly identical


IMPORTANT WARNING: Sequences Hs54 and Hs81 are exactly identical


IMPORTANT WARNING: Sequences Hs54 and Hs85 are exactly identical


IMPORTANT WARNING: Sequences Hs54 and Hs89 are exactly identical


IMPORTANT WARNING: Sequences Hs54 and Hs93 are exactly identical


IMPORTANT WARNING: Sequences Hs56 and Hs57 are exactly identical


IMPORTANT WARNING: Sequences Hs56 and Hs58 are exactly identical


IMPORTANT WARNING: Sequences Hs56 and Hs59 are exactly identical


IMPORTANT WARNING: Sequences Hs62 and Hs63 are exactly identical


IMPORTANT WARNING: Sequences Hs65 and Hs68 are exactly identical


IMPORTANT WARNING: Sequences Hs66 and Hs69 are exactly identical


IMPORTANT WARNING: Sequences Hs67 and Hs70 are exactly ide