       _     _        __  __        _     _         
  _ _ /_\   /_\ __ __|  \/  |___ __| |___| |___ _ _ 
 | '_/ _ \ / _ \\ \ /| |\/| / _ | _` / -_) / -_) '_|
 |_|/_/ \_|_/ \_|_\_\|_|  |_\___|__,_\___|_\___|_| v0.9

This is free software, so there is no guarantee that it works properly,
has any error checks, or does anything other than print the cool banner above.
Stolen from Alexandros Stamatakis (RAxML) and Federico Abascal, Rafael Zardoya,
and David Posada (ProtTest) by Bernie.

True
===============================================================================================================================
Analyzing models MTART, LG, RTREV, MTMAM, HIVB, DAYHOFF, DCMUT, FLU, CPREV, BLOSUM62, PMB, MTREV, VT
===============================================================================================================================
Number of parameters:
	Branches:	                                                       0017
	Gamma:                                                           1+0017= 18
	Gamma + Invariant Sites:                                       1+1+0017= 19
	Gamma + Empirical Base Frequencies:                           1+19+0017= 37
	Gamma + Invariant Sites+Empirical Base Frequencies:         1+1+19+0017= 38
===============================================================================================================================
Correction factors:
	length (alignment length):                                             0234
	shannon (summed shannon entropies):                              123.649836
	c3 (normalized_shannon / length * max_entropy):                  286.226472
===============================================================================================================================
MTART +G...            -lnL= 1884.517514
                           0.380307 secs

MTART +GI...           -lnL= 1883.581602
                           1.274887 secs

MTART +GF...           -lnL= 1850.770128
                           0.378702 secs

MTART +GIF...          -lnL= 1849.892254
                           1.343568 secs

LG +G...               -lnL= 1893.087223
                           0.325092 secs

LG +GI...              -lnL= 1890.474199
                           1.536091 secs

LG +GF...              -lnL= 1855.471231
                           0.354958 secs

LG +GIF...             -lnL= 1853.810357
                           1.572222 secs

RTREV +G...            -lnL= 1923.263130
                           0.357230 secs

RTREV +GI...           -lnL= 1919.789973
                           1.318413 secs

RTREV +GF...           -lnL= 1872.149471
                           0.339947 secs

RTREV +GIF...          -lnL= 1869.870677
                           1.446938 secs

MTMAM +G...            -lnL= 1848.048331
                           0.370349 secs

MTMAM +GI...           -lnL= 1847.260662
                           1.287216 secs

MTMAM +GF...           -lnL= 1829.559642
                           0.379651 secs

MTMAM +GIF...          -lnL= 1828.754720
                           1.332651 secs

HIVB +G...             -lnL= 1920.889392
                           0.347266 secs

HIVB +GI...            -lnL= 1917.896674
                           1.395696 secs

HIVB +GF...            -lnL= 1865.399979
                           0.348612 secs

HIVB +GIF...           -lnL= 1863.970067
                           1.549091 secs

DAYHOFF +G...          -lnL= 1936.601056
                           0.352308 secs

DAYHOFF +GI...         -lnL= 1934.224266
                           1.456746 secs

DAYHOFF +GF...         -lnL= 1866.462029
                           0.340438 secs

DAYHOFF +GIF...        -lnL= 1864.561892
                           1.577034 secs

DCMUT +G...            -lnL= 1934.891901
                           0.351390 secs

DCMUT +GI...           -lnL= 1932.486778
                           1.462099 secs

DCMUT +GF...           -lnL= 1866.651659
                           0.349700 secs

DCMUT +GIF...          -lnL= 1864.737497
                           1.590040 secs

FLU +G...              -lnL= 1909.128043
                           0.374399 secs

FLU +GI...             -lnL= 1906.301322
                           1.382501 secs

FLU +GF...             -lnL= 1864.650854
                           0.373286 secs

FLU +GIF...            -lnL= 1863.379770
                           1.631855 secs

CPREV +G...            -lnL= 1904.721237
                           0.339199 secs

CPREV +GI...           -lnL= 1901.123692
                           1.339249 secs

CPREV +GF...           -lnL= 1857.553710
                           0.341276 secs

CPREV +GIF...          -lnL= 1854.950372
                           1.415984 secs

BLOSUM62 +G...         -lnL= 1926.239264
                           0.317600 secs

BLOSUM62 +GI...        -lnL= 1922.519447
                           1.423832 secs

BLOSUM62 +GF...        -lnL= 1887.351347
                           0.338029 secs

BLOSUM62 +GIF...       -lnL= 1884.548616
                           1.461367 secs

PMB +G...              -lnL= 1927.716399
                           0.334235 secs

PMB +GI...             -lnL= 1924.498624
                           1.458662 secs

PMB +GF...             -lnL= 1889.631574
                           0.347144 secs

PMB +GIF...            -lnL= 1887.261652
                           1.509793 secs

MTREV +G...            -lnL= 1856.356970
                           0.354461 secs

MTREV +GI...           -lnL= 1854.854844
                           1.228331 secs

MTREV +GF...           -lnL= 1833.405748
                           0.368268 secs

MTREV +GIF...          -lnL= 1832.041805
                           1.376907 secs

VT +G...               -lnL= 1911.320029
                           0.348208 secs

VT +GI...              -lnL= 1907.507761
                           1.445865 secs

VT +GF...              -lnL= 1871.849439
                           0.354188 secs

VT +GIF...             -lnL= 1869.043071
                           1.452393 secs


Selected statistics for AIC-raw:
===============================================================================================================================
          	delta AIC-raw       	AIC-raw             	AIC-raw weight      	
===============================================================================================================================
MTMAM +G  	0.000000            	3732.096662         	0.340863            	
MTMAM +GI 	0.424662            	3732.521324         	0.275655            	
MTMAM +GF 	1.022622            	3733.119284         	0.204419            	
MTMAM +GIF	1.412778            	3733.509440         	0.168190            	
MTREV +GIF	7.986948            	3740.083610         	0.006284            	
MTREV +GF 	8.714834            	3740.811496         	0.004367            	
MTREV +GI 	15.613026           	3747.709688         	0.000139            	
MTREV +G  	16.617278           	3748.713940         	0.000084            	
MTART +GF 	43.443594           	3775.540256         	0.000000            	
MTART +GIF	43.687846           	3775.784508         	0.000000            	
LG +GIF   	51.524052           	3783.620714         	0.000000            	
LG +GF    	52.845800           	3784.942462         	0.000000            	
CPREV +GIF	53.804082           	3785.900744         	0.000000            	
CPREV +GF 	57.010758           	3789.107420         	0.000000            	
FLU +GIF  	70.662878           	3802.759540         	0.000000            	
FLU +GF   	71.205046           	3803.301708         	0.000000            	
HIVB +GIF 	71.843472           	3803.940134         	0.000000            	
HIVB +GF  	72.703296           	3804.799958         	0.000000            	
MTART +G  	72.938366           	3805.035028         	0.000000            	
DAYHOFF +GIF	73.027122           	3805.123784         	0.000000            	
MTART +GI 	73.066542           	3805.163204         	0.000000            	
DCMUT +GIF	73.378332           	3805.474994         	0.000000            	
DAYHOFF +GF	74.827396           	3806.924058         	0.000000            	
DCMUT +GF 	75.206656           	3807.303318         	0.000000            	
VT +GIF   	81.989480           	3814.086142         	0.000000            	
RTREV +GIF	83.644692           	3815.741354         	0.000000            	
VT +GF    	85.602216           	3817.698878         	0.000000            	
RTREV +GF 	86.202280           	3818.298942         	0.000000            	
LG +GI    	86.851736           	3818.948398         	0.000000            	
LG +G     	90.077784           	3822.174446         	0.000000            	
CPREV +GI 	108.150722          	3840.247384         	0.000000            	
BLOSUM62 +GIF	113.000570          	3845.097232         	0.000000            	
CPREV +G  	113.345812          	3845.442474         	0.000000            	
BLOSUM62 +GF	116.606032          	3848.702694         	0.000000            	
PMB +GIF  	118.426642          	3850.523304         	0.000000            	
FLU +GI   	118.505982          	3850.602644         	0.000000            	
VT +GI    	120.918860          	3853.015522         	0.000000            	
PMB +GF   	121.166486          	3853.263148         	0.000000            	
FLU +G    	122.159424          	3854.256086         	0.000000            	
VT +G     	126.543396          	3858.640058         	0.000000            	
HIVB +GI  	141.696686          	3873.793348         	0.000000            	
RTREV +GI 	145.483284          	3877.579946         	0.000000            	
HIVB +G   	145.682122          	3877.778784         	0.000000            	
RTREV +G  	150.429598          	3882.526260         	0.000000            	
BLOSUM62 +GI	150.942232          	3883.038894         	0.000000            	
PMB +GI   	154.900586          	3886.997248         	0.000000            	
BLOSUM62 +G	156.381866          	3888.478528         	0.000000            	
PMB +G    	159.336136          	3891.432798         	0.000000            	
DCMUT +GI 	170.876894          	3902.973556         	0.000000            	
DCMUT +G  	173.687140          	3905.783802         	0.000000            	
DAYHOFF +GI	174.351870          	3906.448532         	0.000000            	
DAYHOFF +G	177.105450          	3909.202112         	0.000000            	

Weight table sorted by AIC-raw:
===============================================================================================================================
          	AIC-raw        	AIC-length     	AIC-shannon    	AIC-c3         	BIC-length     	BIC-shannon    	BIC-c3         	
===============================================================================================================================
MTMAM +G	0.340863 (01)	0.596568 (01)	0.647831 (01)	0.584594 (01)	0.874108 (01)	0.834700 (01)	0.884763 (01)	
MTMAM +GI	0.275655 (02)	0.400959 (02)	0.351831 (02)	0.407909 (02)	0.125614 (02)	0.165011 (02)	0.114961 (02)	
MTMAM +GF	0.204419 (03)	0.001346 (03)	0.000001 (05)	0.004372 (03)	0.000000 (05)	0.000000 (05)	0.000000 (05)	
MTMAM +GIF	0.168190 (04)	0.000723 (04)	0.000000 (06)	0.002585 (04)	0.000000 (06)	0.000000 (06)	0.000000 (07)	
MTREV +GIF	0.006284 (05)	0.000027 (08)	0.000000 (08)	0.000097 (07)	0.000000 (10)	0.000000 (08)	0.000000 (10)	
MTREV +GF	0.004367 (06)	0.000029 (07)	0.000000 (07)	0.000093 (08)	0.000000 (08)	0.000000 (07)	0.000000 (09)	
MTREV +GI	0.000139 (07)	0.000202 (05)	0.000177 (03)	0.000205 (05)	0.000063 (04)	0.000083 (04)	0.000058 (04)	
MTREV +G	0.000084 (08)	0.000147 (06)	0.000160 (04)	0.000144 (06)	0.000215 (03)	0.000206 (03)	0.000218 (03)	
MTART +GF	0.000000 (09)	0.000000 (09)	0.000000 (09)	0.000000 (09)	0.000000 (13)	0.000000 (13)	0.000000 (14)	
MTART +GIF	0.000000 (10)	0.000000 (10)	0.000000 (10)	0.000000 (10)	0.000000 (15)	0.000000 (14)	0.000000 (16)	
LG +GIF 	0.000000 (11)	0.000000 (11)	0.000000 (14)	0.000000 (11)	0.000000 (18)	0.000000 (16)	0.000000 (21)	
LG +GF  	0.000000 (12)	0.000000 (12)	0.000000 (13)	0.000000 (12)	0.000000 (17)	0.000000 (15)	0.000000 (19)	
CPREV +GIF	0.000000 (13)	0.000000 (13)	0.000000 (15)	0.000000 (13)	0.000000 (22)	0.000000 (17)	0.000000 (24)	
CPREV +GF	0.000000 (14)	0.000000 (14)	0.000000 (16)	0.000000 (14)	0.000000 (21)	0.000000 (18)	0.000000 (22)	
FLU +GIF	0.000000 (15)	0.000000 (18)	0.000000 (21)	0.000000 (18)	0.000000 (27)	0.000000 (27)	0.000000 (27)	
FLU +GF 	0.000000 (16)	0.000000 (17)	0.000000 (19)	0.000000 (17)	0.000000 (25)	0.000000 (24)	0.000000 (25)	
HIVB +GIF	0.000000 (17)	0.000000 (19)	0.000000 (22)	0.000000 (19)	0.000000 (30)	0.000000 (28)	0.000000 (30)	
HIVB +GF	0.000000 (18)	0.000000 (20)	0.000000 (20)	0.000000 (20)	0.000000 (26)	0.000000 (25)	0.000000 (26)	
MTART +G	0.000000 (19)	0.000000 (15)	0.000000 (11)	0.000000 (15)	0.000000 (07)	0.000000 (09)	0.000000 (06)	
DAYHOFF +GIF	0.000000 (20)	0.000000 (21)	0.000000 (25)	0.000000 (21)	0.000000 (31)	0.000000 (31)	0.000000 (33)	
MTART +GI	0.000000 (21)	0.000000 (16)	0.000000 (12)	0.000000 (16)	0.000000 (09)	0.000000 (10)	0.000000 (08)	
DCMUT +GIF	0.000000 (22)	0.000000 (22)	0.000000 (26)	0.000000 (22)	0.000000 (32)	0.000000 (32)	0.000000 (34)	
DAYHOFF +GF	0.000000 (23)	0.000000 (23)	0.000000 (23)	0.000000 (23)	0.000000 (28)	0.000000 (29)	0.000000 (28)	
DCMUT +GF	0.000000 (24)	0.000000 (24)	0.000000 (24)	0.000000 (24)	0.000000 (29)	0.000000 (30)	0.000000 (29)	
VT +GIF 	0.000000 (25)	0.000000 (27)	0.000000 (28)	0.000000 (27)	0.000000 (37)	0.000000 (33)	0.000000 (39)	
RTREV +GIF	0.000000 (26)	0.000000 (28)	0.000000 (30)	0.000000 (28)	0.000000 (40)	0.000000 (36)	0.000000 (42)	
VT +GF  	0.000000 (27)	0.000000 (29)	0.000000 (29)	0.000000 (29)	0.000000 (38)	0.000000 (34)	0.000000 (38)	
RTREV +GF	0.000000 (28)	0.000000 (30)	0.000000 (31)	0.000000 (30)	0.000000 (39)	0.000000 (35)	0.000000 (40)	
LG +GI  	0.000000 (29)	0.000000 (25)	0.000000 (17)	0.000000 (25)	0.000000 (12)	0.000000 (11)	0.000000 (12)	
LG +G   	0.000000 (30)	0.000000 (26)	0.000000 (18)	0.000000 (26)	0.000000 (11)	0.000000 (12)	0.000000 (11)	
CPREV +GI	0.000000 (31)	0.000000 (31)	0.000000 (27)	0.000000 (31)	0.000000 (14)	0.000000 (19)	0.000000 (13)	
BLOSUM62 +GIF	0.000000 (32)	0.000000 (36)	0.000000 (37)	0.000000 (36)	0.000000 (49)	0.000000 (45)	0.000000 (50)	
CPREV +G	0.000000 (33)	0.000000 (32)	0.000000 (32)	0.000000 (32)	0.000000 (16)	0.000000 (20)	0.000000 (15)	
BLOSUM62 +GF	0.000000 (34)	0.000000 (38)	0.000000 (39)	0.000000 (37)	0.000000 (50)	0.000000 (46)	0.000000 (49)	
PMB +GIF	0.000000 (35)	0.000000 (39)	0.000000 (42)	0.000000 (39)	0.000000 (52)	0.000000 (50)	0.000000 (52)	
FLU +GI 	0.000000 (36)	0.000000 (33)	0.000000 (33)	0.000000 (33)	0.000000 (19)	0.000000 (21)	0.000000 (18)	
VT +GI  	0.000000 (37)	0.000000 (34)	0.000000 (34)	0.000000 (34)	0.000000 (23)	0.000000 (23)	0.000000 (20)	
PMB +GF 	0.000000 (38)	0.000000 (40)	0.000000 (43)	0.000000 (40)	0.000000 (51)	0.000000 (49)	0.000000 (51)	
FLU +G  	0.000000 (39)	0.000000 (35)	0.000000 (35)	0.000000 (35)	0.000000 (20)	0.000000 (22)	0.000000 (17)	
VT +G   	0.000000 (40)	0.000000 (37)	0.000000 (36)	0.000000 (38)	0.000000 (24)	0.000000 (26)	0.000000 (23)	
HIVB +GI	0.000000 (41)	0.000000 (41)	0.000000 (38)	0.000000 (41)	0.000000 (33)	0.000000 (37)	0.000000 (31)	
RTREV +GI	0.000000 (42)	0.000000 (43)	0.000000 (41)	0.000000 (43)	0.000000 (35)	0.000000 (39)	0.000000 (35)	
HIVB +G 	0.000000 (43)	0.000000 (42)	0.000000 (40)	0.000000 (42)	0.000000 (34)	0.000000 (38)	0.000000 (32)	
RTREV +G	0.000000 (44)	0.000000 (44)	0.000000 (44)	0.000000 (44)	0.000000 (36)	0.000000 (40)	0.000000 (36)	
BLOSUM62 +GI	0.000000 (45)	0.000000 (45)	0.000000 (45)	0.000000 (45)	0.000000 (41)	0.000000 (41)	0.000000 (37)	
PMB +GI 	0.000000 (46)	0.000000 (46)	0.000000 (46)	0.000000 (46)	0.000000 (43)	0.000000 (43)	0.000000 (43)	
BLOSUM62 +G	0.000000 (47)	0.000000 (47)	0.000000 (47)	0.000000 (47)	0.000000 (42)	0.000000 (42)	0.000000 (41)	
PMB +G  	0.000000 (48)	0.000000 (48)	0.000000 (48)	0.000000 (48)	0.000000 (44)	0.000000 (44)	0.000000 (44)	
DCMUT +GI	0.000000 (49)	0.000000 (49)	0.000000 (49)	0.000000 (49)	0.000000 (46)	0.000000 (48)	0.000000 (46)	
DCMUT +G	0.000000 (50)	0.000000 (50)	0.000000 (50)	0.000000 (50)	0.000000 (45)	0.000000 (47)	0.000000 (45)	
DAYHOFF +GI	0.000000 (51)	0.000000 (51)	0.000000 (51)	0.000000 (51)	0.000000 (48)	0.000000 (52)	0.000000 (48)	
DAYHOFF +G	0.000000 (52)	0.000000 (52)	0.000000 (52)	0.000000 (52)	0.000000 (47)	0.000000 (51)	0.000000 (47)	
===============================================================================================================================
          	DTC-length     	DTC-shannon    	DTC-c3         	
===============================================================================================================================
MTMAM +G  	0.020449 (01)	0.020454 (01)	0.020448 (01)	
MTMAM +GI 	0.019185 (30)	0.019212 (28)	0.019179 (30)	
MTMAM +GF 	0.020352 (02)	0.020355 (02)	0.020351 (02)	
MTMAM +GIF	0.019146 (31)	0.019172 (31)	0.019141 (31)	
MTREV +GIF	0.019887 (04)	0.019897 (04)	0.019885 (04)	
MTREV +GF 	0.019127 (32)	0.019109 (33)	0.019131 (32)	
MTREV +GI 	0.019820 (05)	0.019831 (05)	0.019817 (05)	
MTREV +G  	0.019256 (24)	0.019240 (26)	0.019259 (24)	
MTART +GF 	0.020012 (03)	0.020020 (03)	0.020010 (03)	
MTART +GIF	0.018732 (45)	0.018749 (44)	0.018729 (46)	
LG +GIF   	0.019399 (21)	0.019418 (21)	0.019396 (21)	
LG +GF    	0.019208 (29)	0.019191 (30)	0.019211 (29)	
CPREV +GIF	0.019638 (09)	0.019653 (09)	0.019635 (09)	
CPREV +GF 	0.018800 (43)	0.018776 (43)	0.018805 (43)	
FLU +GIF  	0.019105 (33)	0.019125 (32)	0.019101 (33)	
FLU +GF   	0.019690 (06)	0.019682 (06)	0.019691 (06)	
HIVB +GIF 	0.019639 (08)	0.019655 (08)	0.019635 (08)	
HIVB +GF  	0.019249 (25)	0.019233 (27)	0.019252 (25)	
MTART +G  	0.019600 (10)	0.019616 (10)	0.019596 (10)	
DAYHOFF +GIF	0.019403 (20)	0.019422 (20)	0.019400 (20)	
MTART +GI 	0.018192 (52)	0.018200 (52)	0.018190 (52)	
DCMUT +GIF	0.019407 (19)	0.019425 (19)	0.019403 (19)	
DAYHOFF +GF	0.019068 (34)	0.019049 (35)	0.019072 (34)	
DCMUT +GF 	0.019059 (36)	0.019040 (36)	0.019063 (35)	
VT +GIF   	0.019568 (11)	0.019581 (11)	0.019566 (11)	
RTREV +GIF	0.019062 (35)	0.019082 (34)	0.019058 (36)	
VT +GF    	0.018627 (48)	0.018601 (48)	0.018633 (48)	
RTREV +GF 	0.019221 (28)	0.019205 (29)	0.019225 (26)	
LG +GI    	0.019418 (18)	0.019438 (18)	0.019414 (18)	
LG +G     	0.018873 (39)	0.018851 (39)	0.018878 (39)	
CPREV +GI 	0.019222 (27)	0.019242 (25)	0.019218 (28)	
BLOSUM62 +GIF	0.019393 (22)	0.019408 (22)	0.019390 (22)	
CPREV +G  	0.018884 (38)	0.018861 (38)	0.018888 (38)	
BLOSUM62 +GF	0.018724 (46)	0.018699 (46)	0.018729 (45)	
PMB +GIF  	0.019558 (12)	0.019568 (13)	0.019555 (12)	
FLU +GI   	0.018823 (42)	0.018841 (40)	0.018819 (42)	
VT +GI    	0.019443 (16)	0.019458 (16)	0.019440 (16)	
PMB +GF   	0.018661 (47)	0.018635 (47)	0.018666 (47)	
FLU +G    	0.019293 (23)	0.019278 (23)	0.019296 (23)	
VT +G     	0.018537 (49)	0.018508 (49)	0.018542 (49)	
HIVB +GI  	0.019223 (26)	0.019244 (24)	0.019218 (27)	
RTREV +GI 	0.019430 (17)	0.019449 (17)	0.019426 (17)	
HIVB +G   	0.019012 (37)	0.018992 (37)	0.019016 (37)	
RTREV +G  	0.018753 (44)	0.018728 (45)	0.018758 (44)	
BLOSUM62 +GI	0.019526 (15)	0.019540 (15)	0.019523 (15)	
PMB +GI   	0.019651 (07)	0.019661 (07)	0.019649 (07)	
BLOSUM62 +G	0.018491 (50)	0.018462 (50)	0.018496 (50)	
PMB +G    	0.018408 (51)	0.018378 (51)	0.018414 (51)	
DCMUT +GI 	0.019552 (13)	0.019568 (12)	0.019548 (13)	
DCMUT +G  	0.018836 (41)	0.018812 (42)	0.018840 (41)	
DAYHOFF +GI	0.019543 (14)	0.019560 (14)	0.019540 (14)	
DAYHOFF +G	0.018848 (40)	0.018825 (41)	0.018852 (40)	

===============================================================================================================================
Suggested RAxML command:
raxmlHPC-PTHREADS -t 2 -f d -N 100 -s /home/kochbj/scripts/01-Utilities/RAXModelerwithDecision/example3/ALN_CONVERTED.phy -w /home/kochbj/scripts/01-Utilities/RAXModelerwithDecision/example3 -m PROTGAMMAMTMAM -n [OUT NAME]
===============================================================================================================================
